生成启动时间为 2017/6/22 21:05:32。
     1>项目“E:\curriculum\数值计算方法与算法\编程作业\数值计算第4次编程作业\数值计算第4次编程作业.vcxproj”在节点 2 上(build 个目标)。
     1>InitializeBuildStatus:
         正在创建“Debug\数值计算第4次编程作业.unsuccessfulbuild”，因为已指定“AlwaysCreate”。
       ClCompile:
         D:\VS2010旗舰\VC\bin\CL.exe /c /ZI /nologo /W3 /WX- /Od /Oy- /D WIN32 /D _DEBUG /D _CONSOLE /D _UNICODE /D UNICODE /Gm /EHsc /RTC1 /MDd /GS /fp:precise /Zc:wchar_t /Zc:forScope /Fo"Debug\\" /Fd"Debug\vc100.pdb" /Gd /TP /analyze- /errorReport:prompt "解线性方程组的直接法.cpp"
         解线性方程组的直接法.cpp
     1>e:\curriculum\数值计算方法与算法\编程作业\数值计算第4次编程作业\解线性方程组的直接法.cpp(121): warning C4172: 返回局部变量或临时变量的地址
       ManifestResourceCompile:
         所有输出均为最新。
       Link:
         D:\VS2010旗舰\VC\bin\link.exe /ERRORREPORT:PROMPT /OUT:"E:\curriculum\数值计算方法与算法\编程作业\数值计算第4次编程作业\Debug\数值计算第4次编程作业.exe" /INCREMENTAL /NOLOGO kernel32.lib user32.lib gdi32.lib winspool.lib comdlg32.lib advapi32.lib shell32.lib ole32.lib oleaut32.lib uuid.lib odbc32.lib odbccp32.lib /MANIFEST /ManifestFile:"Debug\数值计算第4次编程作业.exe.intermediate.manifest" /MANIFESTUAC:"level='asInvoker' uiAccess='false'" /DEBUG /PDB:"E:\curriculum\数值计算方法与算法\编程作业\数值计算第4次编程作业\Debug\数值计算第4次编程作业.pdb" /SUBSYSTEM:CONSOLE /TLBID:1 /DYNAMICBASE /NXCOMPAT /IMPLIB:"E:\curriculum\数值计算方法与算法\编程作业\数值计算第4次编程作业\Debug\数值计算第4次编程作业.lib" /MACHINE:X86 "Debug\数值计算第4次编程作业.exe.embed.manifest.res"
         "Debug\解线性方程组的直接法.obj"
       Manifest:
         C:\Program Files (x86)\Microsoft SDKs\Windows\v7.0A\bin\mt.exe /nologo /verbose /out:"Debug\数值计算第4次编程作业.exe.embed.manifest" /manifest "Debug\数值计算第4次编程作业.exe.intermediate.manifest"
         所有输出均为最新。
       LinkEmbedManifest:
         所有输出均为最新。
         数值计算第4次编程作业.vcxproj -> E:\curriculum\数值计算方法与算法\编程作业\数值计算第4次编程作业\Debug\数值计算第4次编程作业.exe
       FinalizeBuildStatus:
         正在删除文件“Debug\数值计算第4次编程作业.unsuccessfulbuild”。
         正在对“Debug\数值计算第4次编程作业.lastbuildstate”执行 Touch 任务。
     1>已完成生成项目“E:\curriculum\数值计算方法与算法\编程作业\数值计算第4次编程作业\数值计算第4次编程作业.vcxproj”(build 个目标)的操作。

生成成功。

已用时间 00:00:01.43
